This is pdfTeX, Version 3.141592653-2.6-1.40.24 (TeX Live 2022) (preloaded format=pdflatex 2023.1.10)  14 SEP 2023 09:15
entering extended mode
 restricted \write18 enabled.
 %&-line parsing enabled.
**QUICKhddplot.tex
(./QUICKhddplot.tex
LaTeX2e <2021-11-15> patch level 1
L3 programming layer <2022-02-24>
(/usr/local/texlive/2022/texmf-dist/tex/latex/base/article.cls
Document Class: article 2021/10/04 v1.4n Standard LaTeX document class
(/usr/local/texlive/2022/texmf-dist/tex/latex/base/size10.clo
File: size10.clo 2021/10/04 v1.4n Standard LaTeX file (size option)
)
\c@part=\count185
\c@section=\count186
\c@subsection=\count187
\c@subsubsection=\count188
\c@paragraph=\count189
\c@subparagraph=\count190
\c@figure=\count191
\c@table=\count192
\abovecaptionskip=\skip47
\belowcaptionskip=\skip48
\bibindent=\dimen138
)
(/usr/local/texlive/2022/texmf-dist/tex/latex/graphics/graphicx.sty
Package: graphicx 2021/09/16 v1.2d Enhanced LaTeX Graphics (DPC,SPQR)

(/usr/local/texlive/2022/texmf-dist/tex/latex/graphics/keyval.sty
Package: keyval 2014/10/28 v1.15 key=value parser (DPC)
\KV@toks@=\toks16
)
(/usr/local/texlive/2022/texmf-dist/tex/latex/graphics/graphics.sty
Package: graphics 2021/03/04 v1.4d Standard LaTeX Graphics (DPC,SPQR)

(/usr/local/texlive/2022/texmf-dist/tex/latex/graphics/trig.sty
Package: trig 2021/08/11 v1.11 sin cos tan (DPC)
)
(/usr/local/texlive/2022/texmf-dist/tex/latex/graphics-cfg/graphics.cfg
File: graphics.cfg 2016/06/04 v1.11 sample graphics configuration
)
Package graphics Info: Driver file: pdftex.def on input line 107.

(/usr/local/texlive/2022/texmf-dist/tex/latex/graphics-def/pdftex.def
File: pdftex.def 2020/10/05 v1.2a Graphics/color driver for pdftex
))
\Gin@req@height=\dimen139
\Gin@req@width=\dimen140
)
(/usr/local/texlive/2022/texmf-dist/tex/latex/xcolor/xcolor.sty
Package: xcolor 2021/10/31 v2.13 LaTeX color extensions (UK)

(/usr/local/texlive/2022/texmf-dist/tex/latex/graphics-cfg/color.cfg
File: color.cfg 2016/01/02 v1.6 sample color configuration
)
Package xcolor Info: Driver file: pdftex.def on input line 227.
Package xcolor Info: Model `cmy' substituted by `cmy0' on input line 1352.
Package xcolor Info: Model `hsb' substituted by `rgb' on input line 1356.
Package xcolor Info: Model `RGB' extended on input line 1368.
Package xcolor Info: Model `HTML' substituted by `rgb' on input line 1370.
Package xcolor Info: Model `Hsb' substituted by `hsb' on input line 1371.
Package xcolor Info: Model `tHsb' substituted by `hsb' on input line 1372.
Package xcolor Info: Model `HSB' substituted by `hsb' on input line 1373.
Package xcolor Info: Model `Gray' substituted by `gray' on input line 1374.
Package xcolor Info: Model `wave' substituted by `hsb' on input line 1375.
)
(/usr/local/texlive/2022/texmf-dist/tex/latex/framed/framed.sty
Package: framed 2011/10/22 v 0.96: framed or shaded text with page breaks
\OuterFrameSep=\skip49
\fb@frw=\dimen141
\fb@frh=\dimen142
\FrameRule=\dimen143
\FrameSep=\dimen144
)
(/usr/local/texlive/2022/texmf-dist/tex/latex/base/alltt.sty
Package: alltt 2021/01/29 v2.0g defines alltt environment
)
(/usr/local/texlive/2022/texmf-dist/tex/latex/base/inputenc.sty
Package: inputenc 2021/02/14 v1.3d Input encoding file
\inpenc@prehook=\toks17
\inpenc@posthook=\toks18
)
(/usr/local/texlive/2022/texmf-dist/tex/latex/amsfonts/amssymb.sty
Package: amssymb 2013/01/14 v3.01 AMS font symbols

(/usr/local/texlive/2022/texmf-dist/tex/latex/amsfonts/amsfonts.sty
Package: amsfonts 2013/01/14 v3.01 Basic AMSFonts support
\@emptytoks=\toks19
\symAMSa=\mathgroup4
\symAMSb=\mathgroup5
LaTeX Font Info:    Redeclaring math symbol \hbar on input line 98.
LaTeX Font Info:    Overwriting math alphabet `\mathfrak' in version `bold'
(Font)                  U/euf/m/n --> U/euf/b/n on input line 106.
))
(/usr/local/texlive/2022/texmf-dist/tex/latex/upquote/upquote.sty
Package: upquote 2012/04/19 v1.3 upright-quote and grave-accent glyphs in verba
tim
)
(/usr/local/texlive/2022/texmf-dist/tex/latex/l3backend/l3backend-pdftex.def
File: l3backend-pdftex.def 2022-02-07 L3 backend support: PDF output (pdfTeX)
\l__color_backend_stack_int=\count193
\l__pdf_internal_box=\box50
)
(./QUICKhddplot.aux)
\openout1 = `QUICKhddplot.aux'.

LaTeX Font Info:    Checking defaults for OML/cmm/m/it on input line 55.
LaTeX Font Info:    ... okay on input line 55.
LaTeX Font Info:    Checking defaults for OMS/cmsy/m/n on input line 55.
LaTeX Font Info:    ... okay on input line 55.
LaTeX Font Info:    Checking defaults for OT1/cmr/m/n on input line 55.
LaTeX Font Info:    ... okay on input line 55.
LaTeX Font Info:    Checking defaults for T1/cmr/m/n on input line 55.
LaTeX Font Info:    ... okay on input line 55.
LaTeX Font Info:    Checking defaults for TS1/cmr/m/n on input line 55.
LaTeX Font Info:    ... okay on input line 55.
LaTeX Font Info:    Checking defaults for OMX/cmex/m/n on input line 55.
LaTeX Font Info:    ... okay on input line 55.
LaTeX Font Info:    Checking defaults for U/cmr/m/n on input line 55.
LaTeX Font Info:    ... okay on input line 55.

(/usr/local/texlive/2022/texmf-dist/tex/context/base/mkii/supp-pdf.mkii
[Loading MPS to PDF converter (version 2006.09.02).]
\scratchcounter=\count194
\scratchdimen=\dimen145
\scratchbox=\box51
\nofMPsegments=\count195
\nofMParguments=\count196
\everyMPshowfont=\toks20
\MPscratchCnt=\count197
\MPscratchDim=\dimen146
\MPnumerator=\count198
\makeMPintoPDFobject=\count199
\everyMPtoPDFconversion=\toks21
) (/usr/local/texlive/2022/texmf-dist/tex/latex/epstopdf-pkg/epstopdf-base.sty
Package: epstopdf-base 2020-01-24 v2.11 Base part for package epstopdf
Package epstopdf-base Info: Redefining graphics rule for `.eps' on input line 4
85.

(/usr/local/texlive/2022/texmf-dist/tex/latex/latexconfig/epstopdf-sys.cfg
File: epstopdf-sys.cfg 2010/07/13 v1.3 Configuration of (r)epstopdf for TeX Liv
e
))
LaTeX Font Info:    Trying to load font information for U+msa on input line 61.


(/usr/local/texlive/2022/texmf-dist/tex/latex/amsfonts/umsa.fd
File: umsa.fd 2013/01/14 v3.01 AMS symbols A
)
LaTeX Font Info:    Trying to load font information for U+msb on input line 61.


(/usr/local/texlive/2022/texmf-dist/tex/latex/amsfonts/umsb.fd
File: umsb.fd 2013/01/14 v3.01 AMS symbols B
)
LaTeX Font Info:    Font shape `OT1/cmtt/bx/n' in size <10> not available
(Font)              Font shape `OT1/cmtt/m/n' tried instead on input line 86.
 [1

{/usr/local/texlive/2022/texmf-var/fonts/map/pdftex/updmap/pdftex.map}]
<figs/key-Boxplots-1.pdf, id=15, 271.0125pt x 289.08pt>
File: figs/key-Boxplots-1.pdf Graphic file (type pdf)
<use figs/key-Boxplots-1.pdf>
Package pdftex.def Info: figs/key-Boxplots-1.pdf  used on input line 134.
(pdftex.def)             Requested size: 162.15042pt x 172.96411pt.
<figs/key-Boxplots-2.pdf, id=16, 271.0125pt x 289.08pt>
File: figs/key-Boxplots-2.pdf Graphic file (type pdf)
<use figs/key-Boxplots-2.pdf>
Package pdftex.def Info: figs/key-Boxplots-2.pdf  used on input line 135.
(pdftex.def)             Requested size: 162.15042pt x 172.96411pt.

Overfull \hbox (24.23291pt too wide) in paragraph at lines 148--148
[][]\OT1/cmtt/m/n/10 boxplot[][]([][]data.frame[][](GolubB[,[] []1[][]:[][]20[]
[]]))[]  []\OT1/cmtt/m/it/10 # First 20 columns (observations)[][] 
 []

[2 <./figs/key-Boxplots-1.pdf> <./figs/key-Boxplots-2.pdf>]
<figs/key-misleading-plots-1.pdf, id=31, 271.0125pt x 289.08pt>
File: figs/key-misleading-plots-1.pdf Graphic file (type pdf)
<use figs/key-misleading-plots-1.pdf>
Package pdftex.def Info: figs/key-misleading-plots-1.pdf  used on input line 17
0.
(pdftex.def)             Requested size: 162.15042pt x 172.96411pt.
<figs/key-misleading-plots-2.pdf, id=32, 271.0125pt x 289.08pt>
File: figs/key-misleading-plots-2.pdf Graphic file (type pdf)
<use figs/key-misleading-plots-2.pdf>
Package pdftex.def Info: figs/key-misleading-plots-2.pdf  used on input line 17
1.
(pdftex.def)             Requested size: 162.15042pt x 172.96411pt.
 [3 <./figs/key-misleading-plots-1.pdf> <./figs/key-misleading-plots-2.pdf>]
Overfull \hbox (3.2331pt too wide) in paragraph at lines 249--249
[][]\OT1/cmtt/m/it/10 ## Compare calculated F-statistics with theoretical F-dis
tribution[][] 
 []

<figs/key-plot-Fstats-1.pdf, id=46, 216.81pt x 234.8775pt>
File: figs/key-plot-Fstats-1.pdf Graphic file (type pdf)
<use figs/key-plot-Fstats-1.pdf>
Package pdftex.def Info: figs/key-plot-Fstats-1.pdf  used on input line 268.
(pdftex.def)             Requested size: 110.40253pt x 119.60315pt.
<figs/key-plot-Fstats-2.pdf, id=47, 216.81pt x 234.8775pt>
File: figs/key-plot-Fstats-2.pdf Graphic file (type pdf)
<use figs/key-plot-Fstats-2.pdf>
Package pdftex.def Info: figs/key-plot-Fstats-2.pdf  used on input line 269.
(pdftex.def)             Requested size: 110.40253pt x 119.60315pt.
<figs/key-plot-Fstats-3.pdf, id=48, 216.81pt x 234.8775pt>
File: figs/key-plot-Fstats-3.pdf Graphic file (type pdf)
<use figs/key-plot-Fstats-3.pdf>
Package pdftex.def Info: figs/key-plot-Fstats-3.pdf  used on input line 270.
(pdftex.def)             Requested size: 110.40253pt x 119.60315pt.
[4]
Overfull \hbox (3.2331pt too wide) in paragraph at lines 300--300
[][]\OT1/cmtt/m/it/10 ## Compare calculated F-statistics with theoretical F-dis
tribution[][] 
 []

[5 <./figs/key-plot-Fstats-1.pdf> <./figs/key-plot-Fstats-2.pdf> <./figs/key-pl
ot-Fstats-3.pdf>]
<figs/key-plot-train-test-1.pdf, id=70, 542.025pt x 289.08pt>
File: figs/key-plot-train-test-1.pdf Graphic file (type pdf)
<use figs/key-plot-train-test-1.pdf>
Package pdftex.def Info: figs/key-plot-train-test-1.pdf  used on input line 362
.
(pdftex.def)             Requested size: 334.65042pt x 178.4867pt.


LaTeX Warning: `h' float specifier changed to `ht'.


Overfull \hbox (53.99652pt too wide) in paragraph at lines 381--381
[][]\OT1/cmtt/m/n/10 plotTrainTest[][]([][]x[][]=Golub.BM,[] []nfeatures[][]=[]
[]c[][]([][]14[][],[][]10[][]),[] []cl[][]=cancer.BM,[] []traintest[][]=gp.id)[
][] 
 []


Overfull \hbox (6.74693pt too wide) in paragraph at lines 400--400
[]     \OT1/cmtt/m/n/10 [,1] [,2] [,3] [,4] [,5] [,6] [,7] [,8] [,9] [,10] [,11
] [,12][] 
 []


Overfull \hbox (6.74693pt too wide) in paragraph at lines 400--400
[]\OT1/cmtt/m/n/10 [1,] 4050 2794 6510 6696 4342 5542 4357 5543 1207  4584  623
6  1429[] 
 []


Overfull \hbox (6.74693pt too wide) in paragraph at lines 400--400
[]\OT1/cmtt/m/n/10 [2,] 6606 4342 6510 3594 4050 6236 1694 1207 1268  4847  554
2  2061[] 
 []

[6] [7 <./figs/key-plot-train-test-1.pdf>]
Overfull \hbox (6.74693pt too wide) in paragraph at lines 479--479
[][]\OT1/cmtt/m/n/10 plot.acc[] []<-[] []function[][]([][]cv[][]=cv1,[] []badcv
[][]=badcv1,[] []nseq[][]=[][]NULL[][],[] []badnseq[][]=[][]NULL[][],[][] 
 []

LaTeX Font Info:    Trying to load font information for OMS+cmtt on input line 
481.
(/Library/Frameworks/R.framework/Resources/share/texmf/tex/latex/omscmtt.fd
File: omscmtt.fd 
)
LaTeX Font Info:    Font shape `OMS/cmtt/m/n' in size <10> not available
(Font)              Font shape `OMS/cmsy/m/n' tried instead on input line 481.

Overfull \hbox (11.99689pt too wide) in paragraph at lines 490--490
[]  []\OT1/cmtt/m/n/10 points[][](nseq, badcv[][]$[][]acc.sel1[[][]1[][]:[][]ma
xg],[] []col[][]=[][]"gray40"[][],[] []pch[][]=[][]3[][],[] []cex[][]=[][]0.8[]
[])[][] 
 []


Overfull \hbox (11.99689pt too wide) in paragraph at lines 494--494
[]  []\OT1/cmtt/m/n/10 lines[][]([][]lowess[][](nseq, cv[][]$[][]acc.cv[[][]1[]
[]:[][]maxg],[] []f[][]=[][].325[][],[] []iter[][]=[][]0[][]),[] []col[][]=[][]
"blue"[][],[][] 
 []

[8]
<figs/key-cv-bad-1.pdf, id=87, 271.0125pt x 289.08pt>
File: figs/key-cv-bad-1.pdf Graphic file (type pdf)
<use figs/key-cv-bad-1.pdf>
Package pdftex.def Info: figs/key-cv-bad-1.pdf  used on input line 521.
(pdftex.def)             Requested size: 162.15042pt x 172.96411pt.
<figs/key-cv-bad-2.pdf, id=88, 271.0125pt x 289.08pt>
File: figs/key-cv-bad-2.pdf Graphic file (type pdf)
<use figs/key-cv-bad-2.pdf>
Package pdftex.def Info: figs/key-cv-bad-2.pdf  used on input line 522.
(pdftex.def)             Requested size: 162.15042pt x 172.96411pt.
 [9 <./figs/key-cv-bad-1.pdf> <./figs/key-cv-bad-2.pdf>]
LaTeX Font Info:    Font shape `OT1/cmtt/bx/n' in size <14.4> not available
(Font)              Font shape `OT1/cmtt/m/n' tried instead on input line 571.
LaTeX Font Info:    Font shape `OMS/cmtt/m/it' in size <10> not available
(Font)              Font shape `OMS/cmsy/m/n' tried instead on input line 575.

Overfull \hbox (1.49698pt too wide) in paragraph at lines 587--587
[]  []\OT1/cmtt/m/n/10 cvscores[][]([][]cvlist[] []= tissue.mfB.cv,[] []nfeatur
es[] []=[] []3[][],[] []cl.other[] []=[] []NULL[][],[][] 
 []

<figs/key-cv-Bcell-gphAB-1.pdf, id=103, 271.0125pt x 289.08pt>
File: figs/key-cv-Bcell-gphAB-1.pdf Graphic file (type pdf)
<use figs/key-cv-Bcell-gphAB-1.pdf>
Package pdftex.def Info: figs/key-cv-Bcell-gphAB-1.pdf  used on input line 609.

(pdftex.def)             Requested size: 162.15042pt x 172.96411pt.
<figs/key-cv-Bcell-gphAB-2.pdf, id=104, 271.0125pt x 289.08pt>
File: figs/key-cv-Bcell-gphAB-2.pdf Graphic file (type pdf)
<use figs/key-cv-Bcell-gphAB-2.pdf>
Package pdftex.def Info: figs/key-cv-Bcell-gphAB-2.pdf  used on input line 610.

(pdftex.def)             Requested size: 162.15042pt x 172.96411pt.
[10] [11 <./figs/key-cv-Bcell-gphAB-1.pdf> <./figs/key-cv-Bcell-gphAB-2.pdf>]
(./QUICKhddplot.aux) ) 
Here is how much of TeX's memory you used:
 2633 strings out of 478268
 40945 string characters out of 5846347
 347802 words of memory out of 5000000
 20812 multiletter control sequences out of 15000+600000
 479517 words of font info for 69 fonts, out of 8000000 for 9000
 1141 hyphenation exceptions out of 8191
 55i,6n,62p,653b,344s stack positions out of 10000i,1000n,20000p,200000b,200000s
</usr/local/texlive/2022/texmf-dist/fonts/type1/public/am
sfonts/cm/cmbx12.pfb></usr/local/texlive/2022/texmf-dist/fonts/type1/public/ams
fonts/cm/cmbx9.pfb></usr/local/texlive/2022/texmf-dist/fonts/type1/public/amsfo
nts/cm/cmitt10.pfb></usr/local/texlive/2022/texmf-dist/fonts/type1/public/amsfo
nts/cm/cmmi6.pfb></usr/local/texlive/2022/texmf-dist/fonts/type1/public/amsfont
s/cm/cmr10.pfb></usr/local/texlive/2022/texmf-dist/fonts/type1/public/amsfonts/
cm/cmr12.pfb></usr/local/texlive/2022/texmf-dist/fonts/type1/public/amsfonts/cm
/cmr17.pfb></usr/local/texlive/2022/texmf-dist/fonts/type1/public/amsfonts/cm/c
mr9.pfb></usr/local/texlive/2022/texmf-dist/fonts/type1/public/amsfonts/cm/cmsy
10.pfb></usr/local/texlive/2022/texmf-dist/fonts/type1/public/amsfonts/cm/cmti9
.pfb></usr/local/texlive/2022/texmf-dist/fonts/type1/public/amsfonts/cm/cmtt10.
pfb></usr/local/texlive/2022/texmf-dist/fonts/type1/public/amsfonts/cm/cmtt12.p
fb></usr/local/texlive/2022/texmf-dist/fonts/type1/public/amsfonts/symbols/msam
10.pfb>
Output written on QUICKhddplot.pdf (11 pages, 908390 bytes).
PDF statistics:
 178 PDF objects out of 1000 (max. 8388607)
 113 compressed objects within 2 object streams
 0 named destinations out of 1000 (max. 500000)
 61 words of extra memory for PDF output out of 10000 (max. 10000000)

